<?xml version="1.0" encoding="UTF-8"?>
<!-- Generated by org.testng.reporters.JUnitReportReporter -->
<testsuite skipped="0" hostname="MYDear-PC" name="com.clusters.test.smoke.LoginVaildU13578" tests="1" failures="0" timestamp="25 Nov 2017 13:21:12 GMT" time="8.146" errors="0">
  <testcase name="testLoginValidTC156" time="8.146" classname="com.clusters.test.smoke.LoginVaildU13578"/>
</testsuite> <!-- com.clusters.test.smoke.LoginVaildU13578 -->
