<?xml version="1.0" encoding="UTF-8"?>
<!-- Generated by org.testng.reporters.JUnitReportReporter -->
<testsuite skipped="0" hostname="MYDear-PC" name="com.clusters.test.regression.TestLoginU13579" tests="1" failures="0" timestamp="19 Nov 2017 10:42:50 GMT" time="7.788" errors="0">
  <testcase name="testLoginInvalidTC583" time="7.788" classname="com.clusters.test.regression.TestLoginU13579"/>
</testsuite> <!-- com.clusters.test.regression.TestLoginU13579 -->
